<?xml version="1.0" encoding="UTF-8"?>
<!-- Generated by org.testng.reporters.JUnitReportReporter -->
<testsuite hostname="EPBYMINW6148" name="TestCtg" tests="3" failures="0" timestamp="20 Apr 2018 07:18:21 GMT" time="0.000" errors="0">
  <testcase name="ctgOfNumber" time="0.000" classname="TestCtg"/>
  <testcase name="ctgOfNumber" time="0.000" classname="TestCtg"/>
  <testcase name="ctgOfNumber" time="0.000" classname="TestCtg"/>
</testsuite>
