<?xml version="1.0" encoding="UTF-8"?>
<!-- Generated by org.testng.reporters.JUnitReportReporter -->
<testsuite hostname="EPBYMINW6148" name="TestSumDouble" tests="5" failures="0" timestamp="20 Apr 2018 07:18:21 GMT" time="0.000" errors="0">
  <testcase name="firstPlusSecond" time="0.000" classname="TestSumDouble"/>
  <testcase name="firstPlusSecond" time="0.000" classname="TestSumDouble"/>
  <testcase name="firstPlusSecond" time="0.000" classname="TestSumDouble"/>
  <testcase name="firstPlusSecond" time="0.000" classname="TestSumDouble"/>
  <testcase name="firstPlusSecond" time="0.000" classname="TestSumDouble"/>
</testsuite>
