<?xml version="1.0" encoding="UTF-8"?>
<!-- Generated by org.testng.reporters.JUnitReportReporter -->
<testsuite hostname="EPBYMINW6148" name="TestDiv" tests="3" failures="0" timestamp="20 Apr 2018 07:18:21 GMT" time="0.002" errors="0">
  <testcase name="firstDivideSecond" time="0.000" classname="TestDiv"/>
  <testcase name="firstDivideSecond" time="0.000" classname="TestDiv"/>
  <testcase name="firstDivideSecond" time="0.002" classname="TestDiv"/>
</testsuite>
